========================================================================
	PPPP           AA      M   M    I    GGGG      AA  
	P  PP        A   A    MM MM    I    G        A   A 
	PPPP  ===   AAAAA    M M M    I    G GGG    AAAAA  
	P          A   A    M   M    I    G   G    A   A   
	P         A   A    M   M    I     GGG     A   A    (0.1)
		Process 0. Total number of processes: 1
========================================================================

Used filenames:
IC file  = /home/r408l055/projects/Medvedev/output/run_20201118/snap_002 (Gadget binary)
log file = snap_002.00.log






========================================================================

		PART A
	Setting up the run

========================================================================



========================================================================
  A-1  Opening the data file
========================================================================

Opening /home/r408l055/projects/Medvedev/output/run_20201118/snap_002, a Gadget binary file on 1 processes.
Will try to find out swap status
Boundary (file): 256 Boundary (swapped): 65536
Trying nonswapped...
Will skip 256 bytes...
Second boundary (file): 256
Identified a not byte swapped file.
Assuming a Gadget1 file.
Starting to initialize file object from /home/r408l055/projects/Medvedev/output/run_20201118/snap_002
Done with initializing file object from /home/r408l055/projects/Medvedev/output/run_20201118/snap_002
Fileobject information:
  Filetype:             Gadget binary
  Filename:             /home/r408l055/projects/Medvedev/output/run_20201118/snap_002
  Mode:                 1
  Swapping:             0
  File version:         1
  Header size:          1
  No. particles:        262144
  No. particles w/mass: 0
  Multimass:            0
      Part type 0:      0
      Part type 1:      0
      Part type 2:      0
      Part type 3:      0
      Part type 4:      0
      Part type 5:      0
  MMass (Halo parts):   1e+40
  Minimal Weight:       1e+40
  Maximal Weight:       0
  Sum of all weights:   0
  No. of species:       0
  Position scale:       0.001
  Weight scale:         1e+10
Headerobject information:
  No of particles in file:       0
                                 262144
                                 0
                                 0
                                 0
                                 0
  Mass of particle species:      0.000000e+00
                                 4.102730e+00
                                 0.000000e+00
                                 0.000000e+00
                                 0.000000e+00
                                 0.000000e+00
  Expansion:                     1.000000e+00
  Redshift:                      4.440892e-16
  Flagsfr:                       0
  Flag Feedback:                 0
  No of particles in total:      0
                                 262144
                                 0
                                 0
                                 0
                                 0
  Flag Cooling:                  0
  Number of files:               1
  Boxsize:                       5.000000e+04
  Omega0:                        3.100000e-01
  OmegaLambda:                   6.900000e-01
  Hubble parameter:              6.700000e-01
  Flag Stellar Age:              0
  Flag Metals:                   0
  No of particles in total (HW): 0
                                 0
                                 0
                                 0
                                 0
                                 0
  Flag Entropy insted U:         0
Getting memory for the loadbalance structure
Getting memory for the bf array (1.000000MB)
Getting memory for the local bf array (1.000000MB)
Getting memory for fst- and lstkey arrays (2x0.007812kB)
Getting memory for (boundary) particle per cpu arrays (2x0.007812kB)
Done with creating loadbalance structure.


========================================================================
  A-2  Reading data from file
========================================================================


------------------------------------------------------------------------
  A-2.1  Creating Storage
------------------------------------------------------------------------

WARNING: There are 262144 particles in the file, but the choice of pread and pskip would need 18446744073709551615, adjusting to 262144

------------------------------------------------------------------------
  A-2.2  Reading
------------------------------------------------------------------------

Obviously the file uses float for floating point values (4 bytes).
A total of 262144 particle positions with 4 bytes per float (3.000000 MB total) are stored.
Asked to read 262144 and to skip 0 particles. Checking those numbers.
Block claimed correctly to be 3.000000 MB long.
Obviously the file uses float for floating point values (4 bytes).
A total of 262144 particle velocities with 4 bytes per float (3.000000 MB total) are stored.
Block claimed correctly to be 3.000000 MB long.
A total of 262144 particle IDs with 8 bytes per int (2.000000 MB total) are stored.
Block claimed correctly to be 2.000000 MB long.
Will construct mass information solely from the header.
Updating local scale values to global values.
local : maxpos[0] = 49999.4 	maxpos[1] = 49999.7 	maxpos[2] = 49999.9
global: maxpos[0] = 49999.4 	maxpos[1] = 49999.7 	maxpos[2] = 49999.9
local : minpos[0] = 0.394051 	minpos[1] = 0.232283 	minpos[2] = 0.0844323
global: minpos[0] = 0.394051 	minpos[1] = 0.232283 	minpos[2] = 0.0844323
local : mmass = 4.10273
global: mmass = 4.10273
Extreme positions: xmin = 0.394051  xmax = 49999.4
                   ymin = 0.232283  ymax = 49999.7
                   zmin = 0.0844323  zmax = 49999.9
Applying shift: (0, 0, 0)
Scaling by:  positions:  2e-05
             velocities: 0.0002
             weights:    0.24374

------------------------------------------------------------------------
  A-2.3  Short sanity check
------------------------------------------------------------------------

First particle:
    positions (x,y,z):      0.434167  0.404106  0.581126
    velocities (vx,vy,vz):  0.0648753  0.022534  0.0466548
    weight:                 1
    ID:                     93885
Last particle:
    positions (x,y,z):      0.00533405  0.943463  0.092533
    velocities (vx,vy,vz):  -0.00178306  0.0437978  0.082601
    weight:                 1
    ID:                     262136


========================================================================
  A-3  Setting simulation parameter
========================================================================


------------------------------------------------------------------------
  A-3.1  Information from file
------------------------------------------------------------------------

WARNING: ainitial is not set in a Gadget file, using current expansion.
WARNING: Gadget files don't store the use of double precision. Assuming it is not double precision.
WARNING: Gadget files don't store the step number. Setting to 0.
WARNING: Since a_initial = 1 is equal to a_final = 1, create_timeline will not function correctly, setting a_initial = .1 * a_final = 0.1

------------------------------------------------------------------------
  A-3.2  Gathering from reading processes
------------------------------------------------------------------------

Broadcast of simulation parameters!
Broadcast done.

------------------------------------------------------------------------
  A-3.3  Local setup
------------------------------------------------------------------------

Creating timeline from a = 0.01 to a = 1
Timeline created
Setting volume boundaries
  minkey: 0
  maxkey: 262143
  level : 6
  ctype : Hilbert curve

------------------------------------------------------------------------
  A-3.4  Used simulation parameters
------------------------------------------------------------------------

simu.omega0          :  0.31
simu.lambda0         :  0.69
simu.boxsize         :  50
simu.a_initial       :  0.1
simu.a_final         :  1
simu.z_initial       :  4.44089e-16
simu.z_final         :  0
simu.t_initial       :  0.0378501
simu.t_final         :  0.955281
simu.super_t_initial :  -7.26531
simu.super_t_final   :  -0
simu.mean_dens       :  1
simu.FourPiG         :  0.465
simu.pmass           :  4.10273e+10
simu.t_unit          :  0.01
simu.gamma           :  0
simu.omegab          :  0
simu.omegaDM         :  0.31
simu.f_b             :  0
simu.H_frac          :  0
simu.T_init          :  0
simu.B_init          :  0
simu.e_init          :  0
simu.timeline (ptr)  :  0x45c5d0
simu.no_part         :  262144
simu.no_vpart        :  262144
simu.no_species      :  1
simu.no_halos        :  0
simu.NGRID_DOM       :  256
simu.NGRID_MIN       :  2
simu.NGRID_MAX       :  16777216
simu.Nth_dom         :  4
simu.Nth_ref         :  4
simu.SHIFT           :  0.00195312
simu.min_weight      :  1
simu.max_weight      :  1
simu.np_limit        :  0
simu.mmfocus         :  0
simu.multi_mass      :  0
simu.double_precision:  0
simu.hydro           :  0
simu.magneto         :  0

------------------------------------------------------------------------
  A-3.5  Setting time counter
------------------------------------------------------------------------

WARNING: Gadget files don't store the step number. Setting to 0.
WARNING: Gadget files don't store the timestep. Setting to 0.0


========================================================================
  A-4  Tidying
========================================================================

Closing a Gadget binary file.


========================================================================
  A-5  Initial Load-Balancing and Particle Distribution
========================================================================


------------------------------------------------------------------------
  A-5.1  Loadbalancing
------------------------------------------------------------------------

Setting local counting array to 0... done
Updating SFC-Key and counting... done
Calculating the distribution of the cells.
Calculating how many particle of which process we are holding.
Loadbalance done.
Loadbalance structure:
  scheme:          equalpart: Same number of particles per cpu
  level:           6
  startkey:        0
  totkeys:         262144
  bf:              skipping 1024.000000kB
  loc_bf:          skipping 1024.000000kB
  ncpu:            1
  fstkey/lstkey:
    0000    0/262143
  no_parts/no_parts_loc:
    0000:   262144/262144
  Inner boundary:
    To CPU 0, Quality: 262144/0 = inf
  Outer boundary:
    Quality: 262144/0 = inf

------------------------------------------------------------------------
  A-5.2  Sorting particles
------------------------------------------------------------------------

Sorting done.

------------------------------------------------------------------------
  A-5.3  Distributing particles
------------------------------------------------------------------------

Distributing done.
Having 262144 particles!

------------------------------------------------------------------------
  A-5.4  AHF distribution (duplicating)
------------------------------------------------------------------------

Recieved 0 new particles.
AHF distribution done.
amiga_main:  running with 262144 particles






========================================================================

		PART B
	Handing over logging to AMIGA

========================================================================

################## ahf_gridinfo ###################
Number of grids           = 12
Number of refinements     = 4
global.domgrid_no         = 7
l1dim =              256 refine_ovdens =         255.9963 ovlim =         332.5978
l1dim =              512 refine_ovdens =        2047.9705 ovlim =         332.5978
l1dim =             1024 refine_ovdens =       16383.7641 ovlim =         332.5978
l1dim =             2048 refine_ovdens =      131070.1132 ovlim =         332.5978
l1dim =             4096 refine_ovdens =     1048560.9055 ovlim =         332.5978
max_ovdens = 1.04856e+06
min_ref = 0    (ahf_nogrids = 5)
################## ahf_gridinfo finished ##################

#################### ahf_halos ####################
AHF_MINPART  = 20
AHF_VTUNE    = 1.5
Delta_vir    = 332.598
Hubble       = 100

Figuring out which halo can be ignored.
Done with identifying halos to be ignored.
Now really getting rid of outsider halos.
Old number of halos: 472   New number of halos: 472
Done with getting rid of halos.
  Used     0.099899s to write profiles
  Used      0.37687s to write halos
  Used      0.26445s to write particles
Used      0.74124s to write data to ASCII files

step no.        = 1  (dT = 0)
supercomoving T = -0.000000 -> -0.000000
scale factor  a = 1.000000 -> 1.000000 (0.000000)
redshift      z = 0.000000 -> 0.000000
maxima       dr = 0, dp = 0
leavers         =  0.00 %  (0 0)
grid    256:    16777216     189461 (     0      0      0      5      0) 0 0
grid    512:      260440      37760 (     0      0      0      0      0) 0 0
grid   1024:      147352      25552 (     0      0      0      0      0) 0 0
grid   2048:       44920       9229 (     0      0      0      0      0) 0 0
grid   4096:        1152        142 (     0      0      0      0      0) 0 0
                                          0      0      0      5      0
force resolution    ~       37 kpc/h
total time for step =       13 seconds ( 0.00361 hours)
total time for AHF  =        8 seconds ( 0.00222 hours)
total time          =  0.00361 hours (0.000150463 days)
memory during step  =        0 GB
==========================================================
                       FINISHED (v0.0/319)
==========================================================
